TN:
SF:lib\api.ts
FN:13,(anonymous_0)
FN:34,(anonymous_1)
FN:68,fetcher
FN:115,(anonymous_3)
FN:125,(anonymous_4)
FN:137,(anonymous_5)
FN:147,(anonymous_6)
FN:154,(anonymous_7)
FN:165,(anonymous_8)
FN:172,(anonymous_9)
FN:179,(anonymous_10)
FNF:11
FNH:11
FNDA:9,(anonymous_0)
FNDA:54,(anonymous_1)
FNDA:19,fetcher
FNDA:6,(anonymous_3)
FNDA:2,(anonymous_4)
FNDA:7,(anonymous_5)
FNDA:1,(anonymous_6)
FNDA:2,(anonymous_7)
FNDA:1,(anonymous_8)
FNDA:1,(anonymous_9)
FNDA:1,(anonymous_10)
DA:5,1
DA:13,1
DA:14,9
DA:15,0
DA:16,0
DA:34,9
DA:35,54
DA:36,18
DA:37,18
DA:40,4
DA:43,36
DA:46,9
DA:48,9
DA:69,19
DA:70,0
DA:74,19
DA:75,19
DA:77,17
DA:78,2
DA:79,2
DA:81,2
DA:82,1
DA:83,1
DA:87,1
DA:89,2
DA:92,15
DA:94,15
DA:99,5
DA:102,5
DA:103,1
DA:107,4
DA:115,1
DA:116,6
DA:119,4
DA:120,2
DA:124,2
DA:125,2
DA:128,1
DA:129,1
DA:137,1
DA:138,7
DA:139,4
DA:147,1
DA:154,1
DA:155,2
DA:157,2
DA:165,1
DA:172,1
DA:179,1
LF:49
LH:46
BRDA:14,0,0,0
BRDA:14,0,1,9
BRDA:14,1,0,9
BRDA:14,1,1,9
BRDA:35,2,0,18
BRDA:35,2,1,36
BRDA:50,3,0,8
BRDA:50,3,1,1
BRDA:51,4,0,9
BRDA:51,4,1,7
BRDA:52,5,0,9
BRDA:52,5,1,7
BRDA:53,6,0,9
BRDA:53,6,1,6
BRDA:54,7,0,9
BRDA:54,7,1,6
BRDA:55,8,0,9
BRDA:55,8,1,7
BRDA:69,9,0,0
BRDA:69,9,1,19
BRDA:77,10,0,2
BRDA:77,10,1,15
BRDA:82,11,0,1
BRDA:82,11,1,0
BRDA:82,12,0,1
BRDA:82,12,1,1
BRDA:94,13,0,15
BRDA:94,13,1,2
BRDA:102,14,0,1
BRDA:102,14,1,4
BRDA:102,15,0,5
BRDA:102,15,1,2
BRDA:119,16,0,2
BRDA:119,16,1,2
BRDA:124,17,0,1
BRDA:124,17,1,1
BRDA:124,18,0,2
BRDA:124,18,1,2
BRDA:124,18,2,1
BRDA:157,19,0,1
BRDA:157,19,1,1
BRF:41
BRH:38
end_of_record
